{"__type":"$$EventMessageAudit","id":"1777f1c4-3556-4f47-b34a-9185e19fbe4b","ts":"2025-12-07T15:37:25.629+00:00","eventName":"n8n.audit.workflow.created","message":"n8n.audit.workflow.created","payload":{"userId":"9a3edcec-777f-4b53-9bfe-ec1332c58986","_email":"dungdanh968@gmail.com","_firstName":"Danh","_lastName":"Dũng","globalRole":"global:owner","workflowId":"mOMhOrzDWS2MOE9Y","workflowName":"My workflow 2"}}
{"__type":"$$EventMessageConfirm","confirm":"1777f1c4-3556-4f47-b34a-9185e19fbe4b","ts":"2025-12-07T15:37:25.635+00:00","source":{"id":"0","name":"eventBus"}}
{"__type":"$$EventMessageWorkflow","id":"517a5b0c-5676-4b97-a285-1e82af6bd176","ts":"2025-12-07T15:37:26.066+00:00","eventName":"n8n.workflow.started","message":"n8n.workflow.started","payload":{"executionId":"2","workflowId":"mOMhOrzDWS2MOE9Y","isManual":false,"workflowName":"My workflow 2"}}
{"__type":"$$EventMessageConfirm","confirm":"517a5b0c-5676-4b97-a285-1e82af6bd176","ts":"2025-12-07T15:37:26.066+00:00","source":{"id":"0","name":"eventBus"}}
{"__type":"$$EventMessageNode","id":"70b34a42-dacf-40c9-a2eb-ca113bec0eb0","ts":"2025-12-07T15:37:26.070+00:00","eventName":"n8n.node.started","message":"n8n.node.started","payload":{"workflowId":"mOMhOrzDWS2MOE9Y","workflowName":"My workflow 2","executionId":"2","nodeType":"n8n-nodes-base.scheduleTrigger","nodeName":"Schedule Trigger","nodeId":"1614a130-55c6-491e-9899-4c10284e23f7"}}
{"__type":"$$EventMessageConfirm","confirm":"70b34a42-dacf-40c9-a2eb-ca113bec0eb0","ts":"2025-12-07T15:37:26.070+00:00","source":{"id":"0","name":"eventBus"}}
{"__type":"$$EventMessageNode","id":"c616e217-97a2-4d16-8be1-ecbe935b1564","ts":"2025-12-07T15:37:26.105+00:00","eventName":"n8n.node.finished","message":"n8n.node.finished","payload":{"workflowId":"mOMhOrzDWS2MOE9Y","workflowName":"My workflow 2","executionId":"2","nodeType":"n8n-nodes-base.scheduleTrigger","nodeName":"Schedule Trigger","nodeId":"1614a130-55c6-491e-9899-4c10284e23f7"}}
{"__type":"$$EventMessageConfirm","confirm":"c616e217-97a2-4d16-8be1-ecbe935b1564","ts":"2025-12-07T15:37:26.105+00:00","source":{"id":"0","name":"eventBus"}}
{"__type":"$$EventMessageWorkflow","id":"7dda330e-4d86-4dc3-b62a-e8ef242760d1","ts":"2025-12-07T15:37:26.113+00:00","eventName":"n8n.workflow.success","message":"n8n.workflow.success","payload":{"userId":"9a3edcec-777f-4b53-9bfe-ec1332c58986","executionId":"2","success":true,"isManual":true,"workflowId":"mOMhOrzDWS2MOE9Y","workflowName":"My workflow 2"}}
{"__type":"$$EventMessageConfirm","confirm":"7dda330e-4d86-4dc3-b62a-e8ef242760d1","ts":"2025-12-07T15:37:26.114+00:00","source":{"id":"0","name":"eventBus"}}
{"__type":"$$EventMessageAudit","id":"ab34858d-7bcb-4dff-89ce-a7462279d54d","ts":"2025-12-07T15:40:06.147+00:00","eventName":"n8n.audit.workflow.updated","message":"n8n.audit.workflow.updated","payload":{"userId":"9a3edcec-777f-4b53-9bfe-ec1332c58986","_email":"dungdanh968@gmail.com","_firstName":"Danh","_lastName":"Dũng","globalRole":"global:owner","workflowId":"mOMhOrzDWS2MOE9Y","workflowName":"My workflow 2"}}
{"__type":"$$EventMessageConfirm","confirm":"ab34858d-7bcb-4dff-89ce-a7462279d54d","ts":"2025-12-07T15:40:06.148+00:00","source":{"id":"0","name":"eventBus"}}
{"__type":"$$EventMessageAudit","id":"3a19c39d-bc30-4be1-8857-38a011bf625e","ts":"2025-12-07T15:42:44.017+00:00","eventName":"n8n.audit.workflow.created","message":"n8n.audit.workflow.created","payload":{"userId":"9a3edcec-777f-4b53-9bfe-ec1332c58986","_email":"dungdanh968@gmail.com","_firstName":"Danh","_lastName":"Dũng","globalRole":"global:owner","workflowId":"pwhVX9GwOLl3cNEw","workflowName":"1. Tự động gửi email Chúc mừng sinh nhật CBNV"}}
{"__type":"$$EventMessageConfirm","confirm":"3a19c39d-bc30-4be1-8857-38a011bf625e","ts":"2025-12-07T15:42:44.018+00:00","source":{"id":"0","name":"eventBus"}}
{"__type":"$$EventMessageWorkflow","id":"b484b0b3-2e61-45ba-a2fb-bd072c02738b","ts":"2025-12-07T15:42:44.706+00:00","eventName":"n8n.workflow.started","message":"n8n.workflow.started","payload":{"executionId":"3","workflowId":"pwhVX9GwOLl3cNEw","isManual":false,"workflowName":"1. Tự động gửi email Chúc mừng sinh nhật CBNV"}}
{"__type":"$$EventMessageConfirm","confirm":"b484b0b3-2e61-45ba-a2fb-bd072c02738b","ts":"2025-12-07T15:42:44.706+00:00","source":{"id":"0","name":"eventBus"}}
{"__type":"$$EventMessageNode","id":"4d412e3f-82bc-4fde-a862-97699c41395e","ts":"2025-12-07T15:42:44.708+00:00","eventName":"n8n.node.started","message":"n8n.node.started","payload":{"workflowId":"pwhVX9GwOLl3cNEw","workflowName":"1. Tự động gửi email Chúc mừng sinh nhật CBNV","executionId":"3","nodeType":"n8n-nodes-base.scheduleTrigger","nodeName":"Schedule Trigger","nodeId":"9004792c-1b42-4e34-a82b-3da45b18739e"}}
{"__type":"$$EventMessageConfirm","confirm":"4d412e3f-82bc-4fde-a862-97699c41395e","ts":"2025-12-07T15:42:44.709+00:00","source":{"id":"0","name":"eventBus"}}
{"__type":"$$EventMessageNode","id":"b632410e-9416-4476-b74f-8d4aa152b32a","ts":"2025-12-07T15:42:44.749+00:00","eventName":"n8n.node.finished","message":"n8n.node.finished","payload":{"workflowId":"pwhVX9GwOLl3cNEw","workflowName":"1. Tự động gửi email Chúc mừng sinh nhật CBNV","executionId":"3","nodeType":"n8n-nodes-base.scheduleTrigger","nodeName":"Schedule Trigger","nodeId":"9004792c-1b42-4e34-a82b-3da45b18739e"}}
{"__type":"$$EventMessageConfirm","confirm":"b632410e-9416-4476-b74f-8d4aa152b32a","ts":"2025-12-07T15:42:44.750+00:00","source":{"id":"0","name":"eventBus"}}
{"__type":"$$EventMessageNode","id":"465dff95-2450-4e1a-a44a-1960af507f3b","ts":"2025-12-07T15:42:44.755+00:00","eventName":"n8n.node.started","message":"n8n.node.started","payload":{"workflowId":"pwhVX9GwOLl3cNEw","workflowName":"1. Tự động gửi email Chúc mừng sinh nhật CBNV","executionId":"3","nodeType":"n8n-nodes-base.googleSheets","nodeName":"Google Sheets","nodeId":"cbe38a41-8535-45b6-b743-2f6240ec7adb"}}
{"__type":"$$EventMessageConfirm","confirm":"465dff95-2450-4e1a-a44a-1960af507f3b","ts":"2025-12-07T15:42:44.756+00:00","source":{"id":"0","name":"eventBus"}}
{"__type":"$$EventMessageNode","id":"01b66dee-609a-42fe-83f9-1b9f95909b31","ts":"2025-12-07T15:42:44.888+00:00","eventName":"n8n.node.finished","message":"n8n.node.finished","payload":{"workflowId":"pwhVX9GwOLl3cNEw","workflowName":"1. Tự động gửi email Chúc mừng sinh nhật CBNV","executionId":"3","nodeType":"n8n-nodes-base.googleSheets","nodeName":"Google Sheets","nodeId":"cbe38a41-8535-45b6-b743-2f6240ec7adb"}}
{"__type":"$$EventMessageConfirm","confirm":"01b66dee-609a-42fe-83f9-1b9f95909b31","ts":"2025-12-07T15:42:44.888+00:00","source":{"id":"0","name":"eventBus"}}
{"__type":"$$EventMessageWorkflow","id":"84d3c456-dd44-4bbd-8c47-184336b4777d","ts":"2025-12-07T15:42:44.908+00:00","eventName":"n8n.workflow.failed","message":"n8n.workflow.failed","payload":{"userId":"9a3edcec-777f-4b53-9bfe-ec1332c58986","executionId":"3","success":false,"isManual":true,"workflowId":"pwhVX9GwOLl3cNEw","workflowName":"1. Tự động gửi email Chúc mừng sinh nhật CBNV","lastNodeExecuted":"Google Sheets","errorNodeType":"n8n-nodes-base.googleSheets","errorMessage":"Node does not have any credentials set"}}
{"__type":"$$EventMessageConfirm","confirm":"84d3c456-dd44-4bbd-8c47-184336b4777d","ts":"2025-12-07T15:42:44.909+00:00","source":{"id":"0","name":"eventBus"}}
{"__type":"$$EventMessageWorkflow","id":"bcfaa919-6329-4334-90c7-1a6d53ffa653","ts":"2025-12-07T15:43:43.484+00:00","eventName":"n8n.workflow.started","message":"n8n.workflow.started","payload":{"executionId":"4","workflowId":"pwhVX9GwOLl3cNEw","isManual":false,"workflowName":"1. Tự động gửi email Chúc mừng sinh nhật CBNV"}}
{"__type":"$$EventMessageConfirm","confirm":"bcfaa919-6329-4334-90c7-1a6d53ffa653","ts":"2025-12-07T15:43:43.485+00:00","source":{"id":"0","name":"eventBus"}}
{"__type":"$$EventMessageNode","id":"1a3c3b4b-b2b4-430b-bb39-724af157fe22","ts":"2025-12-07T15:43:43.489+00:00","eventName":"n8n.node.started","message":"n8n.node.started","payload":{"workflowId":"pwhVX9GwOLl3cNEw","workflowName":"1. Tự động gửi email Chúc mừng sinh nhật CBNV","executionId":"4","nodeType":"n8n-nodes-base.scheduleTrigger","nodeName":"Schedule Trigger","nodeId":"9004792c-1b42-4e34-a82b-3da45b18739e"}}
{"__type":"$$EventMessageConfirm","confirm":"1a3c3b4b-b2b4-430b-bb39-724af157fe22","ts":"2025-12-07T15:43:43.490+00:00","source":{"id":"0","name":"eventBus"}}
{"__type":"$$EventMessageNode","id":"68b99357-7d92-4b4b-875d-49cd5f5bbc5c","ts":"2025-12-07T15:43:43.505+00:00","eventName":"n8n.node.finished","message":"n8n.node.finished","payload":{"workflowId":"pwhVX9GwOLl3cNEw","workflowName":"1. Tự động gửi email Chúc mừng sinh nhật CBNV","executionId":"4","nodeType":"n8n-nodes-base.scheduleTrigger","nodeName":"Schedule Trigger","nodeId":"9004792c-1b42-4e34-a82b-3da45b18739e"}}
{"__type":"$$EventMessageConfirm","confirm":"68b99357-7d92-4b4b-875d-49cd5f5bbc5c","ts":"2025-12-07T15:43:43.505+00:00","source":{"id":"0","name":"eventBus"}}
{"__type":"$$EventMessageWorkflow","id":"b22a901d-5505-4357-890c-8d55c01f1345","ts":"2025-12-07T15:43:43.515+00:00","eventName":"n8n.workflow.success","message":"n8n.workflow.success","payload":{"userId":"9a3edcec-777f-4b53-9bfe-ec1332c58986","executionId":"4","success":true,"isManual":true,"workflowId":"pwhVX9GwOLl3cNEw","workflowName":"1. Tự động gửi email Chúc mừng sinh nhật CBNV"}}
{"__type":"$$EventMessageConfirm","confirm":"b22a901d-5505-4357-890c-8d55c01f1345","ts":"2025-12-07T15:43:43.515+00:00","source":{"id":"0","name":"eventBus"}}
{"__type":"$$EventMessageAudit","id":"e199802a-eb5e-4b4c-a6a7-44fe11b4863c","ts":"2025-12-07T16:04:54.988+00:00","eventName":"n8n.audit.user.credentials.created","message":"n8n.audit.user.credentials.created","payload":{"userId":"9a3edcec-777f-4b53-9bfe-ec1332c58986","_email":"dungdanh968@gmail.com","_firstName":"Danh","_lastName":"Dũng","globalRole":"global:owner","credentialType":"smtp","credentialId":"Y4po80ckKizoYVqT","publicApi":false,"projectId":"lUmoPgUsJsLt7iuB","projectType":"personal"}}
{"__type":"$$EventMessageConfirm","confirm":"e199802a-eb5e-4b4c-a6a7-44fe11b4863c","ts":"2025-12-07T16:04:54.994+00:00","source":{"id":"0","name":"eventBus"}}
{"__type":"$$EventMessageWorkflow","id":"fe69c58a-8c22-4578-82f5-70c889b79e98","ts":"2025-12-07T16:05:44.656+00:00","eventName":"n8n.workflow.started","message":"n8n.workflow.started","payload":{"executionId":"5","workflowId":"pwhVX9GwOLl3cNEw","isManual":false,"workflowName":"1. Tự động gửi email Chúc mừng sinh nhật CBNV"}}
{"__type":"$$EventMessageConfirm","confirm":"fe69c58a-8c22-4578-82f5-70c889b79e98","ts":"2025-12-07T16:05:44.656+00:00","source":{"id":"0","name":"eventBus"}}
{"__type":"$$EventMessageNode","id":"52b89184-6e25-467b-b7e5-99a180f88ab2","ts":"2025-12-07T16:05:44.671+00:00","eventName":"n8n.node.started","message":"n8n.node.started","payload":{"workflowId":"pwhVX9GwOLl3cNEw","workflowName":"1. Tự động gửi email Chúc mừng sinh nhật CBNV","executionId":"5","nodeType":"n8n-nodes-base.googleSheets","nodeName":"Google Sheets","nodeId":"cbe38a41-8535-45b6-b743-2f6240ec7adb"}}
{"__type":"$$EventMessageConfirm","confirm":"52b89184-6e25-467b-b7e5-99a180f88ab2","ts":"2025-12-07T16:05:44.672+00:00","source":{"id":"0","name":"eventBus"}}
{"__type":"$$EventMessageNode","id":"9ed840c7-4f07-4626-8099-406de5424eed","ts":"2025-12-07T16:05:44.717+00:00","eventName":"n8n.node.finished","message":"n8n.node.finished","payload":{"workflowId":"pwhVX9GwOLl3cNEw","workflowName":"1. Tự động gửi email Chúc mừng sinh nhật CBNV","executionId":"5","nodeType":"n8n-nodes-base.googleSheets","nodeName":"Google Sheets","nodeId":"cbe38a41-8535-45b6-b743-2f6240ec7adb"}}
{"__type":"$$EventMessageConfirm","confirm":"9ed840c7-4f07-4626-8099-406de5424eed","ts":"2025-12-07T16:05:44.718+00:00","source":{"id":"0","name":"eventBus"}}
{"__type":"$$EventMessageWorkflow","id":"7285427d-6a73-4b01-9a4d-405092fee63f","ts":"2025-12-07T16:05:44.733+00:00","eventName":"n8n.workflow.failed","message":"n8n.workflow.failed","payload":{"userId":"9a3edcec-777f-4b53-9bfe-ec1332c58986","executionId":"5","success":false,"isManual":true,"workflowId":"pwhVX9GwOLl3cNEw","workflowName":"1. Tự động gửi email Chúc mừng sinh nhật CBNV","lastNodeExecuted":"Google Sheets","errorNodeType":"n8n-nodes-base.googleSheets","errorMessage":"Node does not have any credentials set"}}
{"__type":"$$EventMessageConfirm","confirm":"7285427d-6a73-4b01-9a4d-405092fee63f","ts":"2025-12-07T16:05:44.733+00:00","source":{"id":"0","name":"eventBus"}}
